[debug] [2021-04-22T12:17:52.695Z] ----------------------------------------------------------------------
[debug] [2021-04-22T12:17:52.700Z] Command:       C:\Program Files\nodejs\node.exe C:\Users\Raj\AppData\Roaming\npm\node_modules\firebase-tools\lib\bin\firebase.js emulators:start
[debug] [2021-04-22T12:17:52.701Z] CLI Version:   9.10.0
[debug] [2021-04-22T12:17:52.701Z] Platform:      win32
[debug] [2021-04-22T12:17:52.701Z] Node Version:  v16.0.0
[debug] [2021-04-22T12:17:52.741Z] Time:          Thu Apr 22 2021 17:47:52 GMT+0530 (India Standard Time)
[debug] [2021-04-22T12:17:52.742Z] ----------------------------------------------------------------------
[debug] 
[debug] [2021-04-22T12:17:52.763Z] >>> [apiv2][query] GET https://firebase-public.firebaseio.com/cli.json [none]
[debug] [2021-04-22T12:17:52.851Z] > command requires scopes: ["email","openid","https://www.googleapis.com/auth/cloudplatformprojects.readonly","https://www.googleapis.com/auth/firebase","https://www.googleapis.com/auth/cloud-platform"]
[debug] [2021-04-22T12:17:52.852Z] > authorizing via signed-in user (vermar4124@gmail.com)
[info] i  emulators: Starting emulators: functions, hosting {"metadata":{"emulator":{"name":"hub"},"message":"Starting emulators: functions, hosting"}}
[debug] [2021-04-22T12:17:52.898Z] [hub] writing locator at C:\Users\Raj\AppData\Local\Temp\hub-clone-cb77c.json
[warn] !  functions: The following emulators are not running, calls to these services from the Functions emulator will affect production: auth, firestore, database, pubsub {"metadata":{"emulator":{"name":"functions"},"message":"The following emulators are not running, calls to these services from the Functions emulator will affect production: \u001b[1mauth, firestore, database, pubsub\u001b[22m"}}
[warn] !  Your requested "node" version "12" doesn't match your global version "16" {"metadata":{"emulator":{"name":"functions"},"message":"Your requested \"node\" version \"12\" doesn't match your global version \"16\""}}
[debug] [2021-04-22T12:17:52.939Z] defaultcredentials: writing to file C:\Users\Raj\AppData\Roaming\firebase\vermar4124_gmail_com_application_default_credentials.json
[debug] [2021-04-22T12:17:52.968Z] Setting GAC to C:\Users\Raj\AppData\Roaming\firebase\vermar4124_gmail_com_application_default_credentials.json {"metadata":{"emulator":{"name":"functions"},"message":"Setting GAC to C:\\Users\\Raj\\AppData\\Roaming\\firebase\\vermar4124_gmail_com_application_default_credentials.json"}}
[debug] [2021-04-22T12:17:52.972Z] > refreshing access token with scopes: []
[debug] [2021-04-22T12:17:52.975Z] >>> HTTP REQUEST POST https://www.googleapis.com/oauth2/v3/token  
 <request body omitted>
[debug] [2021-04-22T12:17:54.650Z] <<< [apiv2][status] GET https://firebase-public.firebaseio.com/cli.json 200
[debug] [2021-04-22T12:17:54.650Z] <<< [apiv2][body] GET https://firebase-public.firebaseio.com/cli.json {"cloudBuildErrorAfter":1594252800000,"cloudBuildWarnAfter":1590019200000,"defaultNode10After":1594252800000,"minVersion":"3.0.5","node8DeploysDisabledAfter":1613390400000,"node8RuntimeDisabledAfter":1615809600000,"node8WarnAfter":1600128000000}
[debug] [2021-04-22T12:17:57.816Z] <<< HTTP RESPONSE 200 {"date":"Thu, 22 Apr 2021 12:17:57 GMT","pragma":"no-cache","expires":"Mon, 01 Jan 1990 00:00:00 GMT","cache-control":"no-cache, no-store, max-age=0, must-revalidate","content-type":"application/json; charset=utf-8","vary":"X-Origin, Referer, Origin,Accept-Encoding","server":"scaffolding on HTTPServer2","x-xss-protection":"0","x-frame-options":"SAMEORIGIN","x-content-type-options":"nosniff","alt-svc":"h3-29=\":443\"; ma=2592000,h3-T051=\":443\"; ma=2592000,h3-Q050=\":443\"; ma=2592000,h3-Q046=\":443\"; ma=2592000,h3-Q043=\":443\"; ma=2592000,quic=\":443\"; ma=2592000; v=\"46,43\"","accept-ranges":"none","transfer-encoding":"chunked"}
[debug] [2021-04-22T12:17:57.899Z] >>> [apiv2][query] GET https://firebase.googleapis.com/v1beta1/projects/clone-cb77c/adminSdkConfig [none]
[debug] [2021-04-22T12:17:58.718Z] <<< [apiv2][status] GET https://firebase.googleapis.com/v1beta1/projects/clone-cb77c/adminSdkConfig 200
[debug] [2021-04-22T12:17:58.718Z] <<< [apiv2][body] GET https://firebase.googleapis.com/v1beta1/projects/clone-cb77c/adminSdkConfig {"projectId":"clone-cb77c","storageBucket":"clone-cb77c.appspot.com","locationId":"us-central"}
[debug] [2021-04-22T12:17:58.766Z] >>> [apiv2][query] GET https://firebase.googleapis.com/v1beta1/projects/clone-cb77c/webApps/-/config [none]
[debug] [2021-04-22T12:18:00.423Z] <<< [apiv2][status] GET https://firebase.googleapis.com/v1beta1/projects/clone-cb77c/webApps/-/config 200
[debug] [2021-04-22T12:18:00.424Z] <<< [apiv2][body] GET https://firebase.googleapis.com/v1beta1/projects/clone-cb77c/webApps/-/config {"projectId":"clone-cb77c","appId":"1:572076418512:web:021c8d154f1c4ac8ebc5d5","storageBucket":"clone-cb77c.appspot.com","locationId":"us-central","apiKey":"AIzaSyBstziQvRFz76UaXRxv_HdjovwyR3W3dEA","authDomain":"clone-cb77c.firebaseapp.com","messagingSenderId":"572076418512","measurementId":"G-B03EB7VR26"}
[info] i  hosting: Serving hosting files from: build {"metadata":{"emulator":{"name":"hosting"},"message":"Serving hosting files from: \u001b[1mbuild\u001b[22m"}}
[info] +  hosting: Local server: http://localhost:5000 {"metadata":{"emulator":{"name":"hosting"},"message":"Local server: \u001b[4m\u001b[1mhttp://localhost:5000\u001b[22m\u001b[24m"}}
[debug] [2021-04-22T12:18:00.773Z] Ignoring unsupported arg: auto_download {"metadata":{"emulator":{"name":"ui"},"message":"Ignoring unsupported arg: auto_download"}}
[debug] [2021-04-22T12:18:00.774Z] Ignoring unsupported arg: port {"metadata":{"emulator":{"name":"ui"},"message":"Ignoring unsupported arg: port"}}
[debug] [2021-04-22T12:18:00.774Z] Starting Emulator UI with command {"binary":"node","args":["C:\\Users\\Raj\\.cache\\firebase\\emulators\\ui-v1.4.2\\server.bundle.js"],"optionalArgs":[],"joinArgs":false} {"metadata":{"emulator":{"name":"ui"},"message":"Starting Emulator UI with command {\"binary\":\"node\",\"args\":[\"C:\\\\Users\\\\Raj\\\\.cache\\\\firebase\\\\emulators\\\\ui-v1.4.2\\\\server.bundle.js\"],\"optionalArgs\":[],\"joinArgs\":false}"}}
[info] i  ui: Emulator UI logging to ui-debug.log {"metadata":{"emulator":{"name":"ui"},"message":"Emulator UI logging to \u001b[1mui-debug.log\u001b[22m"}}
[debug] [2021-04-22T12:18:01.060Z] Web / API server started at http://localhost:4000
 {"metadata":{"emulator":{"name":"ui"},"message":"Web / API server started at http://localhost:4000\n"}}
[info] i  functions: Watching "F:\Coding\React Web Apps\amazon-clone\amazon-clone\functions" for Cloud Functions... {"metadata":{"emulator":{"name":"functions"},"message":"Watching \"F:\\Coding\\React Web Apps\\amazon-clone\\amazon-clone\\functions\" for Cloud Functions..."}}
[debug] [2021-04-22T12:18:01.087Z] [worker-pool] addWorker(~diagnostic~) {"metadata":{"emulator":{"name":"functions"},"message":"[worker-pool] addWorker(~diagnostic~)"}}
[debug] [2021-04-22T12:18:01.088Z] [worker-pool] Adding worker with key ~diagnostic~, total=1 {"metadata":{"emulator":{"name":"functions"},"message":"[worker-pool] Adding worker with key ~diagnostic~, total=1"}}
[debug] [2021-04-22T12:18:01.088Z] [worker-pool] submitWork(triggerId=) {"metadata":{"emulator":{"name":"functions"},"message":"[worker-pool] submitWork(triggerId=)"}}
[debug] [2021-04-22T12:18:01.089Z] [worker-~diagnostic~-47cd5dba-7154-4043-969e-eba7eccaaa08]: Assigning socketPath: \\?\pipe\F:\Coding\React Web Apps\amazon-clone\amazon-clone\functions\3224 {"metadata":{"emulator":{"name":"functions"},"message":"[worker-~diagnostic~-47cd5dba-7154-4043-969e-eba7eccaaa08]: Assigning socketPath: \\\\?\\pipe\\F:\\Coding\\React Web Apps\\amazon-clone\\amazon-clone\\functions\\3224"}}
[debug] [2021-04-22T12:18:01.091Z] [worker-~diagnostic~-47cd5dba-7154-4043-969e-eba7eccaaa08]: BUSY {"metadata":{"emulator":{"name":"functions"},"message":"[worker-~diagnostic~-47cd5dba-7154-4043-969e-eba7eccaaa08]: BUSY"}}
[debug] [2021-04-22T12:18:01.612Z] [runtime-status] [3224] Functions runtime initialized. {"cwd":"F:\\Coding\\React Web Apps\\amazon-clone\\amazon-clone\\functions","node_version":"16.0.0"} {"metadata":{"emulator":{"name":"functions"},"message":"[runtime-status] [3224] Functions runtime initialized. {\"cwd\":\"F:\\\\Coding\\\\React Web Apps\\\\amazon-clone\\\\amazon-clone\\\\functions\",\"node_version\":\"16.0.0\"}"}}
[debug] [2021-04-22T12:18:01.613Z] [runtime-status] [3224] Disabled runtime features: undefined {"metadata":{"emulator":{"name":"functions"},"message":"[runtime-status] [3224] Disabled runtime features: undefined"}}
[debug] [2021-04-22T12:18:01.653Z] [runtime-status] [3224] Resolved module firebase-admin {"declared":true,"installed":true,"version":"9.6.0","resolution":"F:\\Coding\\React Web Apps\\amazon-clone\\amazon-clone\\functions\\node_modules\\firebase-admin\\lib\\index.js"} {"metadata":{"emulator":{"name":"functions"},"message":"[runtime-status] [3224] Resolved module firebase-admin {\"declared\":true,\"installed\":true,\"version\":\"9.6.0\",\"resolution\":\"F:\\\\Coding\\\\React Web Apps\\\\amazon-clone\\\\amazon-clone\\\\functions\\\\node_modules\\\\firebase-admin\\\\lib\\\\index.js\"}"}}
[debug] [2021-04-22T12:18:01.688Z] [runtime-status] [3224] Resolved module firebase-functions {"declared":true,"installed":true,"version":"3.13.2","resolution":"F:\\Coding\\React Web Apps\\amazon-clone\\amazon-clone\\functions\\node_modules\\firebase-functions\\lib\\index.js"} {"metadata":{"emulator":{"name":"functions"},"message":"[runtime-status] [3224] Resolved module firebase-functions {\"declared\":true,\"installed\":true,\"version\":\"3.13.2\",\"resolution\":\"F:\\\\Coding\\\\React Web Apps\\\\amazon-clone\\\\amazon-clone\\\\functions\\\\node_modules\\\\firebase-functions\\\\lib\\\\index.js\"}"}}
[debug] [2021-04-22T12:18:01.692Z] [runtime-status] [3224] Resolved module firebase-functions {"declared":true,"installed":true,"version":"3.13.2","resolution":"F:\\Coding\\React Web Apps\\amazon-clone\\amazon-clone\\functions\\node_modules\\firebase-functions\\lib\\index.js"} {"metadata":{"emulator":{"name":"functions"},"message":"[runtime-status] [3224] Resolved module firebase-functions {\"declared\":true,\"installed\":true,\"version\":\"3.13.2\",\"resolution\":\"F:\\\\Coding\\\\React Web Apps\\\\amazon-clone\\\\amazon-clone\\\\functions\\\\node_modules\\\\firebase-functions\\\\lib\\\\index.js\"}"}}
[debug] [2021-04-22T12:18:01.696Z] [runtime-status] [3224] Outgoing network have been stubbed. [{"name":"http","status":"mocked"},{"name":"http","status":"mocked"},{"name":"https","status":"mocked"},{"name":"https","status":"mocked"},{"name":"net","status":"mocked"}] {"metadata":{"emulator":{"name":"functions"},"message":"[runtime-status] [3224] Outgoing network have been stubbed. [{\"name\":\"http\",\"status\":\"mocked\"},{\"name\":\"http\",\"status\":\"mocked\"},{\"name\":\"https\",\"status\":\"mocked\"},{\"name\":\"https\",\"status\":\"mocked\"},{\"name\":\"net\",\"status\":\"mocked\"}]"}}
[debug] [2021-04-22T12:18:01.698Z] [runtime-status] [3224] Resolved module firebase-functions {"declared":true,"installed":true,"version":"3.13.2","resolution":"F:\\Coding\\React Web Apps\\amazon-clone\\amazon-clone\\functions\\node_modules\\firebase-functions\\lib\\index.js"} {"metadata":{"emulator":{"name":"functions"},"message":"[runtime-status] [3224] Resolved module firebase-functions {\"declared\":true,\"installed\":true,\"version\":\"3.13.2\",\"resolution\":\"F:\\\\Coding\\\\React Web Apps\\\\amazon-clone\\\\amazon-clone\\\\functions\\\\node_modules\\\\firebase-functions\\\\lib\\\\index.js\"}"}}
[debug] [2021-04-22T12:18:02.693Z] [runtime-status] [3224] Checked functions.config() {"config":{}} {"metadata":{"emulator":{"name":"functions"},"message":"[runtime-status] [3224] Checked functions.config() {\"config\":{}}"}}
[debug] [2021-04-22T12:18:02.694Z] [runtime-status] [3224] firebase-functions has been stubbed. {"functionsResolution":{"declared":true,"installed":true,"version":"3.13.2","resolution":"F:\\Coding\\React Web Apps\\amazon-clone\\amazon-clone\\functions\\node_modules\\firebase-functions\\lib\\index.js"}} {"metadata":{"emulator":{"name":"functions"},"message":"[runtime-status] [3224] firebase-functions has been stubbed. {\"functionsResolution\":{\"declared\":true,\"installed\":true,\"version\":\"3.13.2\",\"resolution\":\"F:\\\\Coding\\\\React Web Apps\\\\amazon-clone\\\\amazon-clone\\\\functions\\\\node_modules\\\\firebase-functions\\\\lib\\\\index.js\"}}"}}
[debug] [2021-04-22T12:18:02.695Z] [runtime-status] [3224] Resolved module firebase-functions {"declared":true,"installed":true,"version":"3.13.2","resolution":"F:\\Coding\\React Web Apps\\amazon-clone\\amazon-clone\\functions\\node_modules\\firebase-functions\\lib\\index.js"} {"metadata":{"emulator":{"name":"functions"},"message":"[runtime-status] [3224] Resolved module firebase-functions {\"declared\":true,\"installed\":true,\"version\":\"3.13.2\",\"resolution\":\"F:\\\\Coding\\\\React Web Apps\\\\amazon-clone\\\\amazon-clone\\\\functions\\\\node_modules\\\\firebase-functions\\\\lib\\\\index.js\"}"}}
[debug] [2021-04-22T12:18:02.698Z] [runtime-status] [3224] Resolved module firebase-admin {"declared":true,"installed":true,"version":"9.6.0","resolution":"F:\\Coding\\React Web Apps\\amazon-clone\\amazon-clone\\functions\\node_modules\\firebase-admin\\lib\\index.js"} {"metadata":{"emulator":{"name":"functions"},"message":"[runtime-status] [3224] Resolved module firebase-admin {\"declared\":true,\"installed\":true,\"version\":\"9.6.0\",\"resolution\":\"F:\\\\Coding\\\\React Web Apps\\\\amazon-clone\\\\amazon-clone\\\\functions\\\\node_modules\\\\firebase-admin\\\\lib\\\\index.js\"}"}}
[debug] [2021-04-22T12:18:02.700Z] [runtime-status] [3224] Resolved module firebase-functions {"declared":true,"installed":true,"version":"3.13.2","resolution":"F:\\Coding\\React Web Apps\\amazon-clone\\amazon-clone\\functions\\node_modules\\firebase-functions\\lib\\index.js"} {"metadata":{"emulator":{"name":"functions"},"message":"[runtime-status] [3224] Resolved module firebase-functions {\"declared\":true,\"installed\":true,\"version\":\"3.13.2\",\"resolution\":\"F:\\\\Coding\\\\React Web Apps\\\\amazon-clone\\\\amazon-clone\\\\functions\\\\node_modules\\\\firebase-functions\\\\lib\\\\index.js\"}"}}
[debug] [2021-04-22T12:18:02.700Z] [runtime-status] [3224] firebase-admin has been stubbed. {"adminResolution":{"declared":true,"installed":true,"version":"9.6.0","resolution":"F:\\Coding\\React Web Apps\\amazon-clone\\amazon-clone\\functions\\node_modules\\firebase-admin\\lib\\index.js"}} {"metadata":{"emulator":{"name":"functions"},"message":"[runtime-status] [3224] firebase-admin has been stubbed. {\"adminResolution\":{\"declared\":true,\"installed\":true,\"version\":\"9.6.0\",\"resolution\":\"F:\\\\Coding\\\\React Web Apps\\\\amazon-clone\\\\amazon-clone\\\\functions\\\\node_modules\\\\firebase-admin\\\\lib\\\\index.js\"}}"}}
[info] +  functions[api]: http function initialized (http://localhost:5001/clone-cb77c/us-central1/api). {"metadata":{"emulator":{"name":"functions"},"message":"\u001b[1mhttp\u001b[22m function initialized (http://localhost:5001/clone-cb77c/us-central1/api)."}}
[info] 
┌─────────────────────────────────────────────────────────────┐
│ ✔  All emulators ready! It is now safe to connect your app. │
│ i  View Emulator UI at http://localhost:4000                │
└─────────────────────────────────────────────────────────────┘

┌───────────┬────────────────┬─────────────────────────────────┐
│ Emulator  │ Host:Port      │ View in Emulator UI             │
├───────────┼────────────────┼─────────────────────────────────┤
│ Functions │ localhost:5001 │ http://localhost:4000/functions │
├───────────┼────────────────┼─────────────────────────────────┤
│ Hosting   │ localhost:5000 │ n/a                             │
└───────────┴────────────────┴─────────────────────────────────┘
  Emulator Hub running at localhost:4400
  Other reserved ports: 4500

Issues? Report them at https://github.com/firebase/firebase-tools/issues and attach the *-debug.log files.
 
[debug] [2021-04-22T12:18:05.697Z] [worker-~diagnostic~-47cd5dba-7154-4043-969e-eba7eccaaa08]: IDLE {"metadata":{"emulator":{"name":"functions"},"message":"[worker-~diagnostic~-47cd5dba-7154-4043-969e-eba7eccaaa08]: IDLE"}}
